<?xml version="1.0" encoding="UTF-8"?>
<testsuite name="ImportAccountTaskTest" tests="3" skipped="0" failures="0" errors="0" timestamp="2025-02-11T15:17:31" hostname="DESKTOP-2F9TN2V" time="0.433">
  <properties/>
  <testcase name="call_isReturnTypeAccount_correctReturnType()" classname="ImportAccountTaskTest" time="0.405"/>
  <testcase name="call_returnsCorrectAccount_accountReturned()" classname="ImportAccountTaskTest" time="0.014"/>
  <testcase name="callableInterface_checkDeclaration_implementsCallable()" classname="ImportAccountTaskTest" time="0.006"/>
  <system-out><![CDATA[]]></system-out>
  <system-err><![CDATA[]]></system-err>
</testsuite>
